INFO  [Thread-5] 2019-03-11 11:51:31,450 repast.simphony.batch.ssh.LocalSession - zeit105
INFO  [Thread-5] 2019-03-11 11:51:31,620 repast.simphony.batch.ssh.LocalSession - zeit106
INFO  [Thread-5] 2019-03-11 11:51:31,797 repast.simphony.batch.ssh.LocalSession - zeit107
INFO  [Thread-5] 2019-03-11 11:51:31,958 repast.simphony.batch.ssh.LocalSession - zeit108
INFO  [Thread-5] 2019-03-11 11:51:31,958 repast.simphony.batch.ssh.LocalSession - zeit108
INFO  [Thread-5] 2019-03-11 11:51:32,095 repast.simphony.batch.ssh.LocalSession - zeit109
INFO  [Thread-5] 2019-03-11 11:51:32,247 repast.simphony.batch.ssh.LocalSession - zeit110
INFO  [Thread-5] 2019-03-11 11:51:32,386 repast.simphony.batch.ssh.LocalSession - zeit111
INFO  [Thread-5] 2019-03-11 11:51:32,530 repast.simphony.batch.ssh.LocalSession - zeit112
INFO  [Thread-5] 2019-03-11 11:51:32,685 repast.simphony.batch.ssh.LocalSession - zeit113
INFO  [Thread-5] 2019-03-11 11:51:32,821 repast.simphony.batch.ssh.LocalSession - zeit114
INFO  [Thread-5] 2019-03-11 11:51:32,942 repast.simphony.batch.ssh.LocalSession - zeit115
INFO  [Thread-5] 2019-03-11 11:51:33,000 repast.simphony.batch.ssh.LocalSession - zeit109
INFO  [Thread-5] 2019-03-11 11:51:33,066 repast.simphony.batch.ssh.LocalSession - zeit116
INFO  [Thread-5] 2019-03-11 11:51:33,232 repast.simphony.batch.ssh.LocalSession - zeit117
INFO  [Thread-5] 2019-03-11 11:51:33,245 repast.simphony.batch.ssh.LocalSession - zeit118
INFO  [Thread-5] 2019-03-11 11:51:33,255 repast.simphony.batch.ssh.LocalSession - zeit119
INFO  [Thread-5] 2019-03-11 11:51:33,267 repast.simphony.batch.ssh.LocalSession - zeit120
INFO  [Thread-5] 2019-03-11 11:51:33,508 repast.simphony.batch.ssh.LocalSession - zeit121
INFO  [Thread-5] 2019-03-11 11:51:33,519 repast.simphony.batch.ssh.LocalSession - zeit122
INFO  [Thread-5] 2019-03-11 11:51:33,535 repast.simphony.batch.ssh.LocalSession - zeit123
INFO  [Thread-5] 2019-03-11 11:51:33,547 repast.simphony.batch.ssh.LocalSession - zeit124
INFO  [Thread-5] 2019-03-11 11:51:33,558 repast.simphony.batch.ssh.LocalSession - zeit125
INFO  [Thread-5] 2019-03-11 11:51:33,571 repast.simphony.batch.ssh.LocalSession - zeit126
INFO  [Thread-5] 2019-03-11 11:51:33,585 repast.simphony.batch.ssh.LocalSession - zeit127
INFO  [Thread-5] 2019-03-11 11:51:33,598 repast.simphony.batch.ssh.LocalSession - zeit128
INFO  [Thread-5] 2019-03-11 11:51:33,608 repast.simphony.batch.ssh.LocalSession - zeit129
INFO  [Thread-5] 2019-03-11 11:51:33,620 repast.simphony.batch.ssh.LocalSession - zeit130
INFO  [Thread-5] 2019-03-11 11:51:33,633 repast.simphony.batch.ssh.LocalSession - zeit131
INFO  [Thread-5] 2019-03-11 11:51:33,646 repast.simphony.batch.ssh.LocalSession - zeit132
INFO  [Thread-5] 2019-03-11 11:51:33,658 repast.simphony.batch.ssh.LocalSession - zeit133
INFO  [Thread-5] 2019-03-11 11:51:33,668 repast.simphony.batch.ssh.LocalSession - zeit134
INFO  [Thread-5] 2019-03-11 11:51:33,681 repast.simphony.batch.ssh.LocalSession - zeit135
INFO  [Thread-5] 2019-03-11 11:51:33,693 repast.simphony.batch.ssh.LocalSession - zeit136
INFO  [Thread-5] 2019-03-11 11:51:33,705 repast.simphony.batch.ssh.LocalSession - zeit137
INFO  [Thread-5] 2019-03-11 11:51:33,717 repast.simphony.batch.ssh.LocalSession - zeit138
INFO  [Thread-5] 2019-03-11 11:51:33,731 repast.simphony.batch.ssh.LocalSession - zeit139
INFO  [Thread-5] 2019-03-11 11:51:33,744 repast.simphony.batch.ssh.LocalSession - zeit140
INFO  [Thread-5] 2019-03-11 11:51:33,755 repast.simphony.batch.ssh.LocalSession - zeit141
INFO  [Thread-5] 2019-03-11 11:51:33,767 repast.simphony.batch.ssh.LocalSession - zeit142
INFO  [Thread-5] 2019-03-11 11:51:33,779 repast.simphony.batch.ssh.LocalSession - zeit143
INFO  [Thread-5] 2019-03-11 11:51:33,791 repast.simphony.batch.ssh.LocalSession - zeit144
INFO  [Thread-5] 2019-03-11 11:51:33,803 repast.simphony.batch.ssh.LocalSession - zeit145
INFO  [Thread-5] 2019-03-11 11:51:33,816 repast.simphony.batch.ssh.LocalSession - zeit146
INFO  [Thread-5] 2019-03-11 11:51:33,830 repast.simphony.batch.ssh.LocalSession - zeit147
INFO  [Thread-5] 2019-03-11 11:51:33,843 repast.simphony.batch.ssh.LocalSession - zeit148
INFO  [Thread-5] 2019-03-11 11:51:33,853 repast.simphony.batch.ssh.LocalSession - zeit149
INFO  [Thread-5] 2019-03-11 11:51:33,864 repast.simphony.batch.ssh.LocalSession - zeit150
INFO  [Thread-5] 2019-03-11 11:51:33,876 repast.simphony.batch.ssh.LocalSession - zeit151
INFO  [Thread-5] 2019-03-11 11:51:33,888 repast.simphony.batch.ssh.LocalSession - zeit152
INFO  [Thread-5] 2019-03-11 11:51:33,900 repast.simphony.batch.ssh.LocalSession - zeit153
INFO  [Thread-5] 2019-03-11 11:51:33,913 repast.simphony.batch.ssh.LocalSession - zeit154
INFO  [Thread-5] 2019-03-11 11:51:33,924 repast.simphony.batch.ssh.LocalSession - zeit155
INFO  [Thread-5] 2019-03-11 11:51:33,935 repast.simphony.batch.ssh.LocalSession - zeit156
INFO  [Thread-5] 2019-03-11 11:51:33,948 repast.simphony.batch.ssh.LocalSession - zeit157
INFO  [Thread-5] 2019-03-11 11:51:33,960 repast.simphony.batch.ssh.LocalSession - zeit158
INFO  [Thread-5] 2019-03-11 11:51:33,971 repast.simphony.batch.ssh.LocalSession - zeit159
INFO  [Thread-5] 2019-03-11 11:51:33,985 repast.simphony.batch.ssh.LocalSession - zeit160
INFO  [Thread-5] 2019-03-11 11:51:33,997 repast.simphony.batch.ssh.LocalSession - zeit161
INFO  [Thread-5] 2019-03-11 11:51:34,007 repast.simphony.batch.ssh.LocalSession - zeit162
INFO  [Thread-5] 2019-03-11 11:51:34,022 repast.simphony.batch.ssh.LocalSession - zeit163
INFO  [Thread-5] 2019-03-11 11:51:34,034 repast.simphony.batch.ssh.LocalSession - zeit164
INFO  [Thread-5] 2019-03-11 11:51:34,046 repast.simphony.batch.ssh.LocalSession - zeit165
INFO  [Thread-5] 2019-03-11 11:51:34,059 repast.simphony.batch.ssh.LocalSession - zeit166
INFO  [Thread-5] 2019-03-11 11:51:34,134 repast.simphony.batch.ssh.LocalSession - zeit110
INFO  [Thread-5] 2019-03-11 11:51:34,621 repast.simphony.batch.ssh.LocalSession - zeit111
INFO  [Thread-5] 2019-03-11 11:51:35,070 repast.simphony.batch.ssh.LocalSession - zeit112
INFO  [Thread-5] 2019-03-11 11:51:35,745 repast.simphony.batch.ssh.LocalSession - zeit113
INFO  [Thread-5] 2019-03-11 11:51:36,474 repast.simphony.batch.ssh.LocalSession - zeit114
INFO  [Thread-5] 2019-03-11 11:51:36,805 repast.simphony.batch.ssh.LocalSession - zeit115
INFO  [Thread-5] 2019-03-11 11:51:37,619 repast.simphony.batch.ssh.LocalSession - zeit116
INFO  [Thread-5] 2019-03-11 11:51:39,190 repast.simphony.batch.ssh.LocalSession - zeit117
INFO  [Thread-5] 2019-03-11 11:51:39,210 repast.simphony.batch.ssh.LocalSession - zeit118
INFO  [Thread-5] 2019-03-11 11:51:39,227 repast.simphony.batch.ssh.LocalSession - zeit119
INFO  [Thread-5] 2019-03-11 11:51:39,444 repast.simphony.batch.ssh.LocalSession - zeit120
INFO  [Thread-5] 2019-03-11 11:51:40,007 repast.simphony.batch.ssh.LocalSession - zeit121
INFO  [Thread-5] 2019-03-11 11:51:40,022 repast.simphony.batch.ssh.LocalSession - zeit122
INFO  [Thread-5] 2019-03-11 11:51:40,039 repast.simphony.batch.ssh.LocalSession - zeit123
INFO  [Thread-5] 2019-03-11 11:51:40,056 repast.simphony.batch.ssh.LocalSession - zeit124
INFO  [Thread-5] 2019-03-11 11:51:40,072 repast.simphony.batch.ssh.LocalSession - zeit125
INFO  [Thread-5] 2019-03-11 11:51:40,090 repast.simphony.batch.ssh.LocalSession - zeit126
INFO  [Thread-5] 2019-03-11 11:51:40,106 repast.simphony.batch.ssh.LocalSession - zeit127
INFO  [Thread-5] 2019-03-11 11:51:40,122 repast.simphony.batch.ssh.LocalSession - zeit128
INFO  [Thread-5] 2019-03-11 11:51:40,138 repast.simphony.batch.ssh.LocalSession - zeit129
INFO  [Thread-5] 2019-03-11 11:51:40,154 repast.simphony.batch.ssh.LocalSession - zeit130
INFO  [Thread-5] 2019-03-11 11:51:40,171 repast.simphony.batch.ssh.LocalSession - zeit131
INFO  [Thread-5] 2019-03-11 11:51:40,193 repast.simphony.batch.ssh.LocalSession - zeit132
INFO  [Thread-5] 2019-03-11 11:51:40,211 repast.simphony.batch.ssh.LocalSession - zeit133
INFO  [Thread-5] 2019-03-11 11:51:40,227 repast.simphony.batch.ssh.LocalSession - zeit134
INFO  [Thread-5] 2019-03-11 11:51:40,243 repast.simphony.batch.ssh.LocalSession - zeit135
INFO  [Thread-5] 2019-03-11 11:51:40,260 repast.simphony.batch.ssh.LocalSession - zeit136
INFO  [Thread-5] 2019-03-11 11:51:40,275 repast.simphony.batch.ssh.LocalSession - zeit137
INFO  [Thread-5] 2019-03-11 11:51:40,293 repast.simphony.batch.ssh.LocalSession - zeit138
INFO  [Thread-5] 2019-03-11 11:51:40,309 repast.simphony.batch.ssh.LocalSession - zeit139
INFO  [Thread-5] 2019-03-11 11:51:40,326 repast.simphony.batch.ssh.LocalSession - zeit140
INFO  [Thread-5] 2019-03-11 11:51:40,343 repast.simphony.batch.ssh.LocalSession - zeit141
INFO  [Thread-5] 2019-03-11 11:51:40,359 repast.simphony.batch.ssh.LocalSession - zeit142
INFO  [Thread-5] 2019-03-11 11:51:40,375 repast.simphony.batch.ssh.LocalSession - zeit143
INFO  [pool-3-thread-1] 2019-03-11 11:51:40,390 repast.simphony.batch.ssh.LocalDonePoller - Polled C:\Users\Katrin\AppData\Local\Temp\simphony_model_1552301375829 for DONE:  no
INFO  [Thread-5] 2019-03-11 11:51:40,392 repast.simphony.batch.ssh.LocalSession - zeit144
INFO  [Thread-5] 2019-03-11 11:51:40,413 repast.simphony.batch.ssh.LocalSession - zeit145
INFO  [Thread-5] 2019-03-11 11:51:40,429 repast.simphony.batch.ssh.LocalSession - zeit146
INFO  [Thread-5] 2019-03-11 11:51:40,446 repast.simphony.batch.ssh.LocalSession - zeit147
INFO  [Thread-5] 2019-03-11 11:51:40,462 repast.simphony.batch.ssh.LocalSession - zeit148
INFO  [Thread-5] 2019-03-11 11:51:40,479 repast.simphony.batch.ssh.LocalSession - zeit149
INFO  [Thread-5] 2019-03-11 11:51:40,494 repast.simphony.batch.ssh.LocalSession - zeit150
INFO  [Thread-5] 2019-03-11 11:51:40,512 repast.simphony.batch.ssh.LocalSession - zeit151
INFO  [Thread-5] 2019-03-11 11:51:40,528 repast.simphony.batch.ssh.LocalSession - zeit152
INFO  [Thread-5] 2019-03-11 11:51:40,544 repast.simphony.batch.ssh.LocalSession - zeit153
INFO  [Thread-5] 2019-03-11 11:51:40,560 repast.simphony.batch.ssh.LocalSession - zeit154
INFO  [Thread-5] 2019-03-11 11:51:40,576 repast.simphony.batch.ssh.LocalSession - zeit155
INFO  [Thread-5] 2019-03-11 11:51:40,593 repast.simphony.batch.ssh.LocalSession - zeit156
INFO  [Thread-5] 2019-03-11 11:51:40,609 repast.simphony.batch.ssh.LocalSession - zeit157
INFO  [Thread-5] 2019-03-11 11:51:40,625 repast.simphony.batch.ssh.LocalSession - zeit158
INFO  [Thread-5] 2019-03-11 11:51:40,641 repast.simphony.batch.ssh.LocalSession - zeit159
INFO  [Thread-5] 2019-03-11 11:51:40,657 repast.simphony.batch.ssh.LocalSession - zeit160
INFO  [Thread-5] 2019-03-11 11:51:40,673 repast.simphony.batch.ssh.LocalSession - zeit161
INFO  [Thread-5] 2019-03-11 11:51:40,691 repast.simphony.batch.ssh.LocalSession - zeit162
INFO  [Thread-5] 2019-03-11 11:51:40,708 repast.simphony.batch.ssh.LocalSession - zeit163
INFO  [Thread-5] 2019-03-11 11:51:40,724 repast.simphony.batch.ssh.LocalSession - zeit164
INFO  [Thread-5] 2019-03-11 11:51:40,741 repast.simphony.batch.ssh.LocalSession - zeit165
INFO  [Thread-5] 2019-03-11 11:51:40,756 repast.simphony.batch.ssh.LocalSession - zeit166
INFO  [pool-3-thread-1] 2019-03-11 11:52:40,392 repast.simphony.batch.ssh.LocalDonePoller - Polled C:\Users\Katrin\AppData\Local\Temp\simphony_model_1552301375829 for DONE:  yes
INFO  [SwingWorker-pool-2-thread-1] 2019-03-11 11:52:40,395 repast.simphony.batch.ssh.SessionsDriver - Run Time: 3,0108
INFO  [SwingWorker-pool-2-thread-1] 2019-03-11 11:52:40,531 repast.simphony.batch.ssh.LocalSession - Finding output on localhost in C:\Users\Katrin\AppData\Local\Temp\simphony_model_1552301375829
INFO  [SwingWorker-pool-2-thread-1] 2019-03-11 11:52:40,568 repast.simphony.batch.ssh.SessionsDriver - Aggregating output into C:/Users/Katrin/workworkwork/CropPestModel/output
INFO  [SwingWorker-pool-2-thread-1] 2019-03-11 11:52:40,595 repast.simphony.batch.ssh.SessionsDriver - Get Output Time: 0,0033
INFO  [SwingWorker-pool-2-thread-1] 2019-03-11 11:52:40,596 repast.simphony.batch.ssh.SessionsDriver - Finished. Elapsed Time: 3,0796
FATAL [Thread-7] 2019-03-11 20:22:16,698 repast.simphony.ui.GUIScheduleRunner - RunTimeException when running the schedule
Current tick (3.0)
java.lang.RuntimeException: java.lang.reflect.InvocationTargetException
	at repast.simphony.engine.schedule.DynamicTargetAction.execute(DynamicTargetAction.java:72)
	at repast.simphony.engine.controller.ScheduledMethodControllerAction$ScheduleMethodAllAction.execute(ScheduledMethodControllerAction.java:333)
	at repast.simphony.engine.schedule.DefaultAction.execute(DefaultAction.java:38)
	at repast.simphony.engine.schedule.ScheduleGroup.executeList(ScheduleGroup.java:205)
	at repast.simphony.engine.schedule.ScheduleGroup.execute(ScheduleGroup.java:231)
	at repast.simphony.engine.schedule.Schedule.execute(Schedule.java:352)
	at repast.simphony.ui.GUIScheduleRunner$ScheduleLoopRunnable.run(GUIScheduleRunner.java:52)
	at java.lang.Thread.run(Unknown Source)
Caused by: java.lang.reflect.InvocationTargetException
	at cropPestModel.Data$$FastClassByCGLIB$$9b3de9d5.invoke(<generated>)
	at net.sf.cglib.reflect.FastMethod.invoke(FastMethod.java:53)
	at repast.simphony.engine.schedule.DynamicTargetAction.execute(DynamicTargetAction.java:69)
	... 7 more
Caused by: java.lang.IndexOutOfBoundsException: Index: 0, Size: 0
	at java.util.ArrayList.rangeCheck(Unknown Source)
	at java.util.ArrayList.get(Unknown Source)
	at cropPestModel.Pest.sterbe(Pest.java:351)
	at cropPestModel.Pest.start(Pest.java:109)
	at cropPestModel.Data.weather(Data.java:421)
	... 10 more
FATAL [Thread-7] 2019-03-11 21:30:43,512 repast.simphony.ui.GUIScheduleRunner - RunTimeException when running the schedule
Current tick (3.0)
java.lang.RuntimeException: java.lang.reflect.InvocationTargetException
	at repast.simphony.engine.schedule.DynamicTargetAction.execute(DynamicTargetAction.java:72)
	at repast.simphony.engine.controller.ScheduledMethodControllerAction$ScheduleMethodAllAction.execute(ScheduledMethodControllerAction.java:333)
	at repast.simphony.engine.schedule.DefaultAction.execute(DefaultAction.java:38)
	at repast.simphony.engine.schedule.ScheduleGroup.executeList(ScheduleGroup.java:205)
	at repast.simphony.engine.schedule.ScheduleGroup.execute(ScheduleGroup.java:231)
	at repast.simphony.engine.schedule.Schedule.execute(Schedule.java:352)
	at repast.simphony.ui.GUIScheduleRunner$ScheduleLoopRunnable.run(GUIScheduleRunner.java:52)
	at java.lang.Thread.run(Unknown Source)
Caused by: java.lang.reflect.InvocationTargetException
	at cropPestModel.Data$$FastClassByCGLIB$$9b3de9d5.invoke(<generated>)
	at net.sf.cglib.reflect.FastMethod.invoke(FastMethod.java:53)
	at repast.simphony.engine.schedule.DynamicTargetAction.execute(DynamicTargetAction.java:69)
	... 7 more
Caused by: java.lang.IndexOutOfBoundsException: Index: 0, Size: 0
	at java.util.ArrayList.rangeCheck(Unknown Source)
	at java.util.ArrayList.get(Unknown Source)
	at cropPestModel.Pest.sterbe(Pest.java:350)
	at cropPestModel.Pest.start(Pest.java:109)
	at cropPestModel.Data.weather(Data.java:431)
	... 10 more
FATAL [Thread-7] 2019-03-11 21:33:43,537 repast.simphony.ui.GUIScheduleRunner - RunTimeException when running the schedule
Current tick (1.0)
java.lang.RuntimeException: java.lang.reflect.InvocationTargetException
	at repast.simphony.engine.schedule.DynamicTargetAction.execute(DynamicTargetAction.java:72)
	at repast.simphony.engine.controller.ScheduledMethodControllerAction$ScheduleMethodAllAction.execute(ScheduledMethodControllerAction.java:333)
	at repast.simphony.engine.schedule.DefaultAction.execute(DefaultAction.java:38)
	at repast.simphony.engine.schedule.ScheduleGroup.executeList(ScheduleGroup.java:205)
	at repast.simphony.engine.schedule.ScheduleGroup.execute(ScheduleGroup.java:231)
	at repast.simphony.engine.schedule.Schedule.execute(Schedule.java:352)
	at repast.simphony.ui.GUIScheduleRunner$ScheduleLoopRunnable.run(GUIScheduleRunner.java:52)
	at java.lang.Thread.run(Unknown Source)
Caused by: java.lang.reflect.InvocationTargetException
	at cropPestModel.Data$$FastClassByCGLIB$$9b3de9d5.invoke(<generated>)
	at net.sf.cglib.reflect.FastMethod.invoke(FastMethod.java:53)
	at repast.simphony.engine.schedule.DynamicTargetAction.execute(DynamicTargetAction.java:69)
	... 7 more
Caused by: java.lang.IndexOutOfBoundsException: Index: 0, Size: 0
	at java.util.ArrayList.rangeCheck(Unknown Source)
	at java.util.ArrayList.get(Unknown Source)
	at cropPestModel.Pest.zuordnung(Pest.java:446)
	at cropPestModel.Data.weather(Data.java:171)
	... 10 more
FATAL [Thread-7] 2019-03-11 22:00:48,752 repast.simphony.ui.GUIScheduleRunner - RunTimeException when running the schedule
Current tick (30.0)
java.lang.RuntimeException: java.lang.reflect.InvocationTargetException
	at repast.simphony.engine.schedule.DynamicTargetAction.execute(DynamicTargetAction.java:72)
	at repast.simphony.engine.controller.ScheduledMethodControllerAction$ScheduleMethodAllAction.execute(ScheduledMethodControllerAction.java:333)
	at repast.simphony.engine.schedule.DefaultAction.execute(DefaultAction.java:38)
	at repast.simphony.engine.schedule.ScheduleGroup.executeList(ScheduleGroup.java:205)
	at repast.simphony.engine.schedule.ScheduleGroup.execute(ScheduleGroup.java:231)
	at repast.simphony.engine.schedule.Schedule.execute(Schedule.java:352)
	at repast.simphony.ui.GUIScheduleRunner$ScheduleLoopRunnable.run(GUIScheduleRunner.java:52)
	at java.lang.Thread.run(Unknown Source)
Caused by: java.lang.reflect.InvocationTargetException
	at cropPestModel.Data$$FastClassByCGLIB$$9b3de9d5.invoke(<generated>)
	at net.sf.cglib.reflect.FastMethod.invoke(FastMethod.java:53)
	at repast.simphony.engine.schedule.DynamicTargetAction.execute(DynamicTargetAction.java:69)
	... 7 more
Caused by: java.lang.IndexOutOfBoundsException: Index: 0, Size: 0
	at java.util.ArrayList.rangeCheck(Unknown Source)
	at java.util.ArrayList.get(Unknown Source)
	at cropPestModel.Pest.sterbe(Pest.java:348)
	at cropPestModel.Pest.start(Pest.java:109)
	at cropPestModel.Data.weather(Data.java:431)
	... 10 more
FATAL [Thread-7] 2019-03-11 22:10:57,444 repast.simphony.ui.GUIScheduleRunner - RunTimeException when running the schedule
Current tick (30.0)
java.lang.RuntimeException: java.lang.reflect.InvocationTargetException
	at repast.simphony.engine.schedule.DynamicTargetAction.execute(DynamicTargetAction.java:72)
	at repast.simphony.engine.controller.ScheduledMethodControllerAction$ScheduleMethodAllAction.execute(ScheduledMethodControllerAction.java:333)
	at repast.simphony.engine.schedule.DefaultAction.execute(DefaultAction.java:38)
	at repast.simphony.engine.schedule.ScheduleGroup.executeList(ScheduleGroup.java:205)
	at repast.simphony.engine.schedule.ScheduleGroup.execute(ScheduleGroup.java:231)
	at repast.simphony.engine.schedule.Schedule.execute(Schedule.java:352)
	at repast.simphony.ui.GUIScheduleRunner$ScheduleLoopRunnable.run(GUIScheduleRunner.java:52)
	at java.lang.Thread.run(Unknown Source)
Caused by: java.lang.reflect.InvocationTargetException
	at cropPestModel.Data$$FastClassByCGLIB$$9b3de9d5.invoke(<generated>)
	at net.sf.cglib.reflect.FastMethod.invoke(FastMethod.java:53)
	at repast.simphony.engine.schedule.DynamicTargetAction.execute(DynamicTargetAction.java:69)
	... 7 more
Caused by: java.lang.IndexOutOfBoundsException: Index: 0, Size: 0
	at java.util.ArrayList.rangeCheck(Unknown Source)
	at java.util.ArrayList.get(Unknown Source)
	at cropPestModel.Pest.sterbe(Pest.java:350)
	at cropPestModel.Pest.start(Pest.java:110)
	at cropPestModel.Data.weather(Data.java:431)
	... 10 more
FATAL [Thread-7] 2019-03-11 22:13:07,715 repast.simphony.ui.GUIScheduleRunner - RunTimeException when running the schedule
Current tick (30.0)
java.lang.RuntimeException: java.lang.reflect.InvocationTargetException
	at repast.simphony.engine.schedule.DynamicTargetAction.execute(DynamicTargetAction.java:72)
	at repast.simphony.engine.controller.ScheduledMethodControllerAction$ScheduleMethodAllAction.execute(ScheduledMethodControllerAction.java:333)
	at repast.simphony.engine.schedule.DefaultAction.execute(DefaultAction.java:38)
	at repast.simphony.engine.schedule.ScheduleGroup.executeList(ScheduleGroup.java:205)
	at repast.simphony.engine.schedule.ScheduleGroup.execute(ScheduleGroup.java:231)
	at repast.simphony.engine.schedule.Schedule.execute(Schedule.java:352)
	at repast.simphony.ui.GUIScheduleRunner$ScheduleLoopRunnable.run(GUIScheduleRunner.java:52)
	at java.lang.Thread.run(Unknown Source)
Caused by: java.lang.reflect.InvocationTargetException
	at cropPestModel.Data$$FastClassByCGLIB$$9b3de9d5.invoke(<generated>)
	at net.sf.cglib.reflect.FastMethod.invoke(FastMethod.java:53)
	at repast.simphony.engine.schedule.DynamicTargetAction.execute(DynamicTargetAction.java:69)
	... 7 more
Caused by: java.lang.IndexOutOfBoundsException: Index: 0, Size: 0
	at java.util.ArrayList.rangeCheck(Unknown Source)
	at java.util.ArrayList.get(Unknown Source)
	at cropPestModel.Pest.sterbe(Pest.java:349)
	at cropPestModel.Pest.start(Pest.java:110)
	at cropPestModel.Data.weather(Data.java:431)
	... 10 more
